# JRE version: Java(TM) SE Runtime Environment (8.0_72-b15) (build 1.8.0_72-b15)
# Java VM: Java HotSpot(TM) 64-Bit Server VM (25.72-b15 mixed mode windows-amd64 compressed oops)
Heap:
 PSYoungGen      total 156160K, used 156155K [0x00000000eab00000, 0x00000000f5480000, 0x0000000100000000)
  eden space 143872K, 100% used [0x00000000eab00000,0x00000000f3780000,0x00000000f3780000)
  from space 12288K, 99% used [0x00000000f4500000,0x00000000f50fed50,0x00000000f5100000)
  to   space 13824K, 71% used [0x00000000f3780000,0x00000000f4123400,0x00000000f4500000)
 ParOldGen       total 56832K, used 30561K [0x00000000c0000000, 0x00000000c3780000, 0x00000000eab00000)
  object space 56832K, 53% used [0x00000000c0000000,0x00000000c1dd8470,0x00000000c3780000)
 Metaspace       used 46542K, capacity 47502K, committed 47744K, reserved 1089536K
  class space    used 6421K, capacity 6752K, committed 6784K, reserved 1048576K
GC Heap History (10 events):
Event: 13.570 GC heap after
Heap after GC invocations=8 (full 1):
 PSYoungGen      total 73728K, used 6175K [0x00000000eab00000, 0x00000000f2780000, 0x0000000100000000)
  eden space 65536K, 0% used [0x00000000eab00000,0x00000000eab00000,0x00000000eeb00000)
  from space 8192K, 75% used [0x00000000eeb00000,0x00000000ef107fa8,0x00000000ef300000)
  to   space 8704K, 0% used [0x00000000f1f00000,0x00000000f1f00000,0x00000000f2780000)
 ParOldGen       total 37888K, used 12022K [0x00000000c0000000, 0x00000000c2500000, 0x00000000eab00000)
  object space 37888K, 31% used [0x00000000c0000000,0x00000000c0bbdbd0,0x00000000c2500000)
 Metaspace       used 26528K, capacity 26956K, committed 27136K, reserved 1073152K
  class space    used 3620K, capacity 3734K, committed 3840K, reserved 1048576K
}
Event: 19.586 GC heap before
{Heap before GC invocations=9 (full 1):
 PSYoungGen      total 73728K, used 71711K [0x00000000eab00000, 0x00000000f2780000, 0x0000000100000000)
  eden space 65536K, 100% used [0x00000000eab00000,0x00000000eeb00000,0x00000000eeb00000)
  from space 8192K, 75% used [0x00000000eeb00000,0x00000000ef107fa8,0x00000000ef300000)
  to   space 8704K, 0% used [0x00000000f1f00000,0x00000000f1f00000,0x00000000f2780000)
 ParOldGen       total 37888K, used 12022K [0x00000000c0000000, 0x00000000c2500000, 0x00000000eab00000)
  object space 37888K, 31% used [0x00000000c0000000,0x00000000c0bbdbd0,0x00000000c2500000)
 Metaspace       used 29323K, capacity 29792K, committed 30080K, reserved 1075200K
  class space    used 3981K, capacity 4106K, committed 4224K, reserved 1048576K
Event: 19.604 GC heap after
Heap after GC invocations=9 (full 1):
 PSYoungGen      total 113152K, used 6852K [0x00000000eab00000, 0x00000000f2600000, 0x0000000100000000)
  eden space 105984K, 0% used [0x00000000eab00000,0x00000000eab00000,0x00000000f1280000)
  from space 7168K, 95% used [0x00000000f1f00000,0x00000000f25b1018,0x00000000f2600000)
  to   space 9216K, 0% used [0x00000000f1400000,0x00000000f1400000,0x00000000f1d00000)
 ParOldGen       total 37888K, used 12030K [0x00000000c0000000, 0x00000000c2500000, 0x00000000eab00000)
  object space 37888K, 31% used [0x00000000c0000000,0x00000000c0bbfbd0,0x00000000c2500000)
 Metaspace       used 29323K, capacity 29792K, committed 30080K, reserved 1075200K
  class space    used 3981K, capacity 4106K, committed 4224K, reserved 1048576K
}
Event: 21.742 GC heap before
{Heap before GC invocations=10 (full 1):
 PSYoungGen      total 113152K, used 108146K [0x00000000eab00000, 0x00000000f2600000, 0x0000000100000000)
  eden space 105984K, 95% used [0x00000000eab00000,0x00000000f0deb9f0,0x00000000f1280000)
  from space 7168K, 95% used [0x00000000f1f00000,0x00000000f25b1018,0x00000000f2600000)
  to   space 9216K, 0% used [0x00000000f1400000,0x00000000f1400000,0x00000000f1d00000)
 ParOldGen       total 37888K, used 12030K [0x00000000c0000000, 0x00000000c2500000, 0x00000000eab00000)
  object space 37888K, 31% used [0x00000000c0000000,0x00000000c0bbfbd0,0x00000000c2500000)
 Metaspace       used 34699K, capacity 35248K, committed 35456K, reserved 1079296K
  class space    used 4724K, capacity 4894K, committed 4992K, reserved 1048576K
Event: 21.820 GC heap after
Heap after GC invocations=10 (full 1):
 PSYoungGen      total 116736K, used 9215K [0x00000000eab00000, 0x00000000f5100000, 0x0000000100000000)
  eden space 107520K, 0% used [0x00000000eab00000,0x00000000eab00000,0x00000000f1400000)
  from space 9216K, 99% used [0x00000000f1400000,0x00000000f1cffe18,0x00000000f1d00000)
  to   space 12288K, 0% used [0x00000000f4500000,0x00000000f4500000,0x00000000f5100000)
 ParOldGen       total 37888K, used 16969K [0x00000000c0000000, 0x00000000c2500000, 0x00000000eab00000)
  object space 37888K, 44% used [0x00000000c0000000,0x00000000c1092480,0x00000000c2500000)
 Metaspace       used 34699K, capacity 35248K, committed 35456K, reserved 1079296K
  class space    used 4724K, capacity 4894K, committed 4992K, reserved 1048576K
}
Event: 21.820 GC heap before
{Heap before GC invocations=11 (full 2):
 PSYoungGen      total 116736K, used 9215K [0x00000000eab00000, 0x00000000f5100000, 0x0000000100000000)
  eden space 107520K, 0% used [0x00000000eab00000,0x00000000eab00000,0x00000000f1400000)
  from space 9216K, 99% used [0x00000000f1400000,0x00000000f1cffe18,0x00000000f1d00000)
  to   space 12288K, 0% used [0x00000000f4500000,0x00000000f4500000,0x00000000f5100000)
 ParOldGen       total 37888K, used 16969K [0x00000000c0000000, 0x00000000c2500000, 0x00000000eab00000)
  object space 37888K, 44% used [0x00000000c0000000,0x00000000c1092480,0x00000000c2500000)
 Metaspace       used 34699K, capacity 35248K, committed 35456K, reserved 1079296K
  class space    used 4724K, capacity 4894K, committed 4992K, reserved 1048576K
Event: 22.102 GC heap after
Heap after GC invocations=11 (full 2):
 PSYoungGen      total 116736K, used 0K [0x00000000eab00000, 0x00000000f5100000, 0x0000000100000000)
  eden space 107520K, 0% used [0x00000000eab00000,0x00000000eab00000,0x00000000f1400000)
  from space 9216K, 0% used [0x00000000f1400000,0x00000000f1400000,0x00000000f1d00000)
  to   space 12288K, 0% used [0x00000000f4500000,0x00000000f4500000,0x00000000f5100000)
 ParOldGen       total 56832K, used 21608K [0x00000000c0000000, 0x00000000c3780000, 0x00000000eab00000)
  object space 56832K, 38% used [0x00000000c0000000,0x00000000c151a058,0x00000000c3780000)
 Metaspace       used 34699K, capacity 35248K, committed 35456K, reserved 1079296K
  class space    used 4724K, capacity 4894K, committed 4992K, reserved 1048576K
}
Event: 25.643 GC heap before
{Heap before GC invocations=12 (full 2):
 PSYoungGen      total 116736K, used 107520K [0x00000000eab00000, 0x00000000f5100000, 0x0000000100000000)
  eden space 107520K, 100% used [0x00000000eab00000,0x00000000f1400000,0x00000000f1400000)
  from space 9216K, 0% used [0x00000000f1400000,0x00000000f1400000,0x00000000f1d00000)
  to   space 12288K, 0% used [0x00000000f4500000,0x00000000f4500000,0x00000000f5100000)
 ParOldGen       total 56832K, used 21608K [0x00000000c0000000, 0x00000000c3780000, 0x00000000eab00000)
  object space 56832K, 38% used [0x00000000c0000000,0x00000000c151a058,0x00000000c3780000)
 Metaspace       used 41377K, capacity 42132K, committed 42368K, reserved 1085440K
  class space    used 5740K, capacity 5939K, committed 6016K, reserved 1048576K
Event: 25.725 GC heap after
Heap after GC invocations=12 (full 2):
 PSYoungGen      total 156160K, used 12283K [0x00000000eab00000, 0x00000000f5480000, 0x0000000100000000)
  eden space 143872K, 0% used [0x00000000eab00000,0x00000000eab00000,0x00000000f3780000)
  from space 12288K, 99% used [0x00000000f4500000,0x00000000f50fed50,0x00000000f5100000)
  to   space 13824K, 0% used [0x00000000f3780000,0x00000000f3780000,0x00000000f4500000)
 ParOldGen       total 56832K, used 21687K [0x00000000c0000000, 0x00000000c3780000, 0x00000000eab00000)
  object space 56832K, 38% used [0x00000000c0000000,0x00000000c152dcf0,0x00000000c3780000)
 Metaspace       used 41377K, capacity 42132K, committed 42368K, reserved 1085440K
  class space    used 5740K, capacity 5939K, committed 6016K, reserved 1048576K
}
Event: 37.628 GC heap before
{Heap before GC invocations=13 (full 2):
 PSYoungGen      total 156160K, used 156155K [0x00000000eab00000, 0x00000000f5480000, 0x0000000100000000)
  eden space 143872K, 100% used [0x00000000eab00000,0x00000000f3780000,0x00000000f3780000)
  from space 12288K, 99% used [0x00000000f4500000,0x00000000f50fed50,0x00000000f5100000)
  to   space 13824K, 0% used [0x00000000f3780000,0x00000000f3780000,0x00000000f4500000)
 ParOldGen       total 56832K, used 21687K [0x00000000c0000000, 0x00000000c3780000, 0x00000000eab00000)
  object space 56832K, 38% used [0x00000000c0000000,0x00000000c152dcf0,0x00000000c3780000)
 Metaspace       used 46542K, capacity 47502K, committed 47744K, reserved 1089536K
  class space    used 6421K, capacity 6752K, committed 6784K, reserved 1048576K

