# JRE version: Java(TM) SE Runtime Environment (8.0_72-b15) (build 1.8.0_72-b15)
# Java VM: Java HotSpot(TM) 64-Bit Server VM (25.72-b15 mixed mode windows-amd64 compressed oops)
Heap:
 PSYoungGen      total 248832K, used 71934K [0x00000000eab00000, 0x00000000fae00000, 0x0000000100000000)
  eden space 233472K, 30% used [0x00000000eab00000,0x00000000ef13fa38,0x00000000f8f00000)
  from space 15360K, 0% used [0x00000000f9f00000,0x00000000f9f00000,0x00000000fae00000)
  to   space 15872K, 0% used [0x00000000f8f00000,0x00000000f8f00000,0x00000000f9e80000)
 ParOldGen       total 57344K, used 32755K [0x00000000c0000000, 0x00000000c3800000, 0x00000000eab00000)
  object space 57344K, 57% used [0x00000000c0000000,0x00000000c1ffcfc0,0x00000000c3800000)
 Metaspace       used 56734K, capacity 58524K, committed 58624K, reserved 1099776K
  class space    used 7494K, capacity 7854K, committed 7936K, reserved 1048576K
GC Heap History (10 events):
Event: 2270.280 GC heap before
{Heap before GC invocations=21 (full 5):
 PSYoungGen      total 248320K, used 779K [0x00000000eab00000, 0x00000000fae00000, 0x0000000100000000)
  eden space 232960K, 0% used [0x00000000eab00000,0x00000000eab00000,0x00000000f8e80000)
  from space 15360K, 5% used [0x00000000f9e00000,0x00000000f9ec2c90,0x00000000fad00000)
  to   space 15872K, 0% used [0x00000000f8e80000,0x00000000f8e80000,0x00000000f9e00000)
 ParOldGen       total 57344K, used 34325K [0x00000000c0000000, 0x00000000c3800000, 0x00000000eab00000)
  object space 57344K, 59% used [0x00000000c0000000,0x00000000c21857a8,0x00000000c3800000)
 Metaspace       used 54096K, capacity 55310K, committed 55424K, reserved 1097728K
  class space    used 7257K, capacity 7525K, committed 7552K, reserved 1048576K
Event: 2270.807 GC heap after
Heap after GC invocations=21 (full 5):
 PSYoungGen      total 248320K, used 0K [0x00000000eab00000, 0x00000000fae00000, 0x0000000100000000)
  eden space 232960K, 0% used [0x00000000eab00000,0x00000000eab00000,0x00000000f8e80000)
  from space 15360K, 0% used [0x00000000f9e00000,0x00000000f9e00000,0x00000000fad00000)
  to   space 15872K, 0% used [0x00000000f8e80000,0x00000000f8e80000,0x00000000f9e00000)
 ParOldGen       total 57344K, used 31777K [0x00000000c0000000, 0x00000000c3800000, 0x00000000eab00000)
  object space 57344K, 55% used [0x00000000c0000000,0x00000000c1f08790,0x00000000c3800000)
 Metaspace       used 54096K, capacity 55310K, committed 55424K, reserved 1097728K
  class space    used 7257K, capacity 7525K, committed 7552K, reserved 1048576K
}
Event: 3219.467 GC heap before
{Heap before GC invocations=22 (full 5):
 PSYoungGen      total 248320K, used 128606K [0x00000000eab00000, 0x00000000fae00000, 0x0000000100000000)
  eden space 232960K, 55% used [0x00000000eab00000,0x00000000f2897ad0,0x00000000f8e80000)
  from space 15360K, 0% used [0x00000000f9e00000,0x00000000f9e00000,0x00000000fad00000)
  to   space 15872K, 0% used [0x00000000f8e80000,0x00000000f8e80000,0x00000000f9e00000)
 ParOldGen       total 57344K, used 31777K [0x00000000c0000000, 0x00000000c3800000, 0x00000000eab00000)
  object space 57344K, 55% used [0x00000000c0000000,0x00000000c1f08790,0x00000000c3800000)
 Metaspace       used 54564K, capacity 56002K, committed 56320K, reserved 1097728K
  class space    used 7280K, capacity 7559K, committed 7680K, reserved 1048576K
Event: 3219.476 GC heap after
Heap after GC invocations=22 (full 5):
 PSYoungGen      total 248832K, used 1723K [0x00000000eab00000, 0x00000000faf00000, 0x0000000100000000)
  eden space 232960K, 0% used [0x00000000eab00000,0x00000000eab00000,0x00000000f8e80000)
  from space 15872K, 10% used [0x00000000f8e80000,0x00000000f902eca0,0x00000000f9e00000)
  to   space 16384K, 0% used [0x00000000f9f00000,0x00000000f9f00000,0x00000000faf00000)
 ParOldGen       total 57344K, used 31785K [0x00000000c0000000, 0x00000000c3800000, 0x00000000eab00000)
  object space 57344K, 55% used [0x00000000c0000000,0x00000000c1f0a790,0x00000000c3800000)
 Metaspace       used 54564K, capacity 56002K, committed 56320K, reserved 1097728K
  class space    used 7280K, capacity 7559K, committed 7680K, reserved 1048576K
}
Event: 3219.476 GC heap before
{Heap before GC invocations=23 (full 6):
 PSYoungGen      total 248832K, used 1723K [0x00000000eab00000, 0x00000000faf00000, 0x0000000100000000)
  eden space 232960K, 0% used [0x00000000eab00000,0x00000000eab00000,0x00000000f8e80000)
  from space 15872K, 10% used [0x00000000f8e80000,0x00000000f902eca0,0x00000000f9e00000)
  to   space 16384K, 0% used [0x00000000f9f00000,0x00000000f9f00000,0x00000000faf00000)
 ParOldGen       total 57344K, used 31785K [0x00000000c0000000, 0x00000000c3800000, 0x00000000eab00000)
  object space 57344K, 55% used [0x00000000c0000000,0x00000000c1f0a790,0x00000000c3800000)
 Metaspace       used 54564K, capacity 56002K, committed 56320K, reserved 1097728K
  class space    used 7280K, capacity 7559K, committed 7680K, reserved 1048576K
Event: 3219.840 GC heap after
Heap after GC invocations=23 (full 6):
 PSYoungGen      total 248832K, used 0K [0x00000000eab00000, 0x00000000faf00000, 0x0000000100000000)
  eden space 232960K, 0% used [0x00000000eab00000,0x00000000eab00000,0x00000000f8e80000)
  from space 15872K, 0% used [0x00000000f8e80000,0x00000000f8e80000,0x00000000f9e00000)
  to   space 16384K, 0% used [0x00000000f9f00000,0x00000000f9f00000,0x00000000faf00000)
 ParOldGen       total 57344K, used 30850K [0x00000000c0000000, 0x00000000c3800000, 0x00000000eab00000)
  object space 57344K, 53% used [0x00000000c0000000,0x00000000c1e20960,0x00000000c3800000)
 Metaspace       used 54538K, capacity 55960K, committed 56320K, reserved 1097728K
  class space    used 7276K, capacity 7552K, committed 7680K, reserved 1048576K
}
Event: 3738.437 GC heap before
{Heap before GC invocations=24 (full 6):
 PSYoungGen      total 248832K, used 207449K [0x00000000eab00000, 0x00000000faf00000, 0x0000000100000000)
  eden space 232960K, 89% used [0x00000000eab00000,0x00000000f7596458,0x00000000f8e80000)
  from space 15872K, 0% used [0x00000000f8e80000,0x00000000f8e80000,0x00000000f9e00000)
  to   space 16384K, 0% used [0x00000000f9f00000,0x00000000f9f00000,0x00000000faf00000)
 ParOldGen       total 57344K, used 30850K [0x00000000c0000000, 0x00000000c3800000, 0x00000000eab00000)
  object space 57344K, 53% used [0x00000000c0000000,0x00000000c1e20960,0x00000000c3800000)
 Metaspace       used 56649K, capacity 58436K, committed 58624K, reserved 1099776K
  class space    used 7487K, capacity 7846K, committed 7936K, reserved 1048576K
Event: 3738.505 GC heap after
Heap after GC invocations=24 (full 6):
 PSYoungGen      total 248832K, used 3715K [0x00000000eab00000, 0x00000000fae00000, 0x0000000100000000)
  eden space 233472K, 0% used [0x00000000eab00000,0x00000000eab00000,0x00000000f8f00000)
  from space 15360K, 24% used [0x00000000f9f00000,0x00000000fa2a0cd8,0x00000000fae00000)
  to   space 15872K, 0% used [0x00000000f8f00000,0x00000000f8f00000,0x00000000f9e80000)
 ParOldGen       total 57344K, used 30858K [0x00000000c0000000, 0x00000000c3800000, 0x00000000eab00000)
  object space 57344K, 53% used [0x00000000c0000000,0x00000000c1e22960,0x00000000c3800000)
 Metaspace       used 56649K, capacity 58436K, committed 58624K, reserved 1099776K
  class space    used 7487K, capacity 7846K, committed 7936K, reserved 1048576K
}
Event: 3738.505 GC heap before
{Heap before GC invocations=25 (full 7):
 PSYoungGen      total 248832K, used 3715K [0x00000000eab00000, 0x00000000fae00000, 0x0000000100000000)
  eden space 233472K, 0% used [0x00000000eab00000,0x00000000eab00000,0x00000000f8f00000)
  from space 15360K, 24% used [0x00000000f9f00000,0x00000000fa2a0cd8,0x00000000fae00000)
  to   space 15872K, 0% used [0x00000000f8f00000,0x00000000f8f00000,0x00000000f9e80000)
 ParOldGen       total 57344K, used 30858K [0x00000000c0000000, 0x00000000c3800000, 0x00000000eab00000)
  object space 57344K, 53% used [0x00000000c0000000,0x00000000c1e22960,0x00000000c3800000)
 Metaspace       used 56649K, capacity 58436K, committed 58624K, reserved 1099776K
  class space    used 7487K, capacity 7846K, committed 7936K, reserved 1048576K
Event: 3738.958 GC heap after
Heap after GC invocations=25 (full 7):
 PSYoungGen      total 248832K, used 0K [0x00000000eab00000, 0x00000000fae00000, 0x0000000100000000)
  eden space 233472K, 0% used [0x00000000eab00000,0x00000000eab00000,0x00000000f8f00000)
  from space 15360K, 0% used [0x00000000f9f00000,0x00000000f9f00000,0x00000000fae00000)
  to   space 15872K, 0% used [0x00000000f8f00000,0x00000000f8f00000,0x00000000f9e80000)
 ParOldGen       total 57344K, used 32755K [0x00000000c0000000, 0x00000000c3800000, 0x00000000eab00000)
  object space 57344K, 57% used [0x00000000c0000000,0x00000000c1ffcfc0,0x00000000c3800000)
 Metaspace       used 56649K, capacity 58436K, committed 58624K, reserved 1099776K
  class space    used 7487K, capacity 7846K, committed 7936K, reserved 1048576K
}

